[    0.000000] Linux version 4.15.0-88-generic (buildd@lgw01-amd64-036) (gcc version 7.4.0 (Ubuntu 7.4.0-1ubuntu1~18.04.1)) #88-Ubuntu SMP Tue Feb 11 20:11:34 UTC 2020 (Ubuntu 4.15.0-88.88-generic 4.15.18)
[    0.000000] Command line: BOOT_IMAGE=/boot/vmlinuz-4.15.0-88-generic root=LABEL=cloudimg-rootfs ro console=tty1 console=ttyS0
[    0.000000] KERNEL supported cpus:
[    0.000000]   Intel GenuineIntel
[    0.000000]   AMD AuthenticAMD
[    0.000000]   Centaur CentaurHauls
[    0.000000] x86/fpu: Supporting XSAVE feature 0x001: 'x87 floating point registers'
[    0.000000] x86/fpu: Supporting XSAVE feature 0x002: 'SSE registers'
[    0.000000] x86/fpu: Supporting XSAVE feature 0x004: 'AVX registers'
[    0.000000] x86/fpu: xstate_offset[2]:  576, xstate_sizes[2]:  256
[    0.000000] x86/fpu: Enabled xstate features 0x7, context size is 832 bytes, using 'standard' format.
[    0.000000] e820: BIOS-provided physical RAM map:
[    0.000000] BIOS-e820: [mem 0x0000000000000000-0x000000000009fbff] usable
[    0.000000] BIOS-e820: [mem 0x000000000009fc00-0x000000000009ffff] reserved
[    0.000000] BIOS-e820: [mem 0x00000000000f0000-0x00000000000fffff] reserved
[    0.000000] BIOS-e820: [mem 0x0000000000100000-0x000000003ffeffff] usable
[    0.000000] BIOS-e820: [mem 0x000000003fff0000-0x000000003fffffff] ACPI data
[    0.000000] BIOS-e820: [mem 0x00000000fec00000-0x00000000fec00fff] reserved
[    0.000000] BIOS-e820: [mem 0x00000000fee00000-0x00000000fee00fff] reserved
[    0.000000] BIOS-e820: [mem 0x00000000fffc0000-0x00000000ffffffff] reserved
[    0.000000] NX (Execute Disable) protection: active
[    0.000000] SMBIOS 2.5 present.
[    0.000000] DMI: innotek GmbH VirtualBox/VirtualBox, BIOS VirtualBox 12/01/2006
[    0.000000] Hypervisor detected: KVM
[    0.000000] e820: last_pfn = 0x3fff0 max_arch_pfn = 0x400000000
[    0.000000] MTRR: Disabled
[    0.000000] x86/PAT: MTRRs disabled, skipping PAT initialization too.
[    0.000000] CPU MTRRs all blank - virtualized system.
[    0.000000] x86/PAT: Configuration [0-7]: WB  WT  UC- UC  WB  WT  UC- UC  
[    0.000000] found SMP MP-table at [mem 0x0009fff0-0x0009ffff]
[    0.000000] Scanning 1 areas for low memory corruption
[    0.000000] RAMDISK: [mem 0x35a6d000-0x36d2dfff]
[    0.000000] ACPI: Early table checksum verification disabled
[    0.000000] ACPI: RSDP 0x00000000000E0000 000024 (v02 VBOX  )
[    0.000000] ACPI: XSDT 0x000000003FFF0030 00003C (v01 VBOX   VBOXXSDT 00000001 ASL  00000061)
[    0.000000] ACPI: FACP 0x000000003FFF00F0 0000F4 (v04 VBOX   VBOXFACP 00000001 ASL  00000061)
[    0.000000] ACPI: DSDT 0x000000003FFF0470 002325 (v02 VBOX   VBOXBIOS 00000002 INTL 20100528)
[    0.000000] ACPI: FACS 0x000000003FFF0200 000040
[    0.000000] ACPI: FACS 0x000000003FFF0200 000040
[    0.000000] ACPI: APIC 0x000000003FFF0240 00005C (v02 VBOX   VBOXAPIC 00000001 ASL  00000061)
[    0.000000] ACPI: SSDT 0x000000003FFF02A0 0001CC (v01 VBOX   VBOXCPUT 00000002 INTL 20100528)
[    0.000000] No NUMA configuration found
[    0.000000] Faking a node at [mem 0x0000000000000000-0x000000003ffeffff]
[    0.000000] NODE_DATA(0) allocated [mem 0x3ffc5000-0x3ffeffff]
[    0.000000] kvm-clock: cpu 0, msr 0:3ff44001, primary cpu clock
[    0.000000] kvm-clock: Using msrs 4b564d01 and 4b564d00
[    0.000000] kvm-clock: using sched offset of 4115396541 cycles
[    0.000000] clocksource: kvm-clock: mask: 0xffffffffffffffff max_cycles: 0x1cd42e4dffb, max_idle_ns: 881590591483 ns
[    0.000000] Zone ranges:
[    0.000000]   DMA      [mem 0x0000000000001000-0x0000000000ffffff]
[    0.000000]   DMA32    [mem 0x0000000001000000-0x000000003ffeffff]
[    0.000000]   Normal   empty
[    0.000000]   Device   empty
[    0.000000] Movable zone start for each node
[    0.000000] Early memory node ranges
[    0.000000]   node   0: [mem 0x0000000000001000-0x000000000009efff]
[    0.000000]   node   0: [mem 0x0000000000100000-0x000000003ffeffff]
[    0.000000] Reserved but unavailable: 98 pages
[    0.000000] Initmem setup node 0 [mem 0x0000000000001000-0x000000003ffeffff]
[    0.000000] ACPI: PM-Timer IO Port: 0x4008
[    0.000000] IOAPIC[0]: apic_id 2, version 32, address 0xfec00000, GSI 0-23
[    0.000000] ACPI: INT_SRC_OVR (bus 0 bus_irq 0 global_irq 2 dfl dfl)
[    0.000000] ACPI: INT_SRC_OVR (bus 0 bus_irq 9 global_irq 9 low level)
[    0.000000] Using ACPI (MADT) for SMP configuration information
[    0.000000] smpboot: Allowing 2 CPUs, 0 hotplug CPUs
[    0.000000] PM: Registered nosave memory: [mem 0x00000000-0x00000fff]
[    0.000000] PM: Registered nosave memory: [mem 0x0009f000-0x0009ffff]
[    0.000000] PM: Registered nosave memory: [mem 0x000a0000-0x000effff]
[    0.000000] PM: Registered nosave memory: [mem 0x000f0000-0x000fffff]
[    0.000000] e820: [mem 0x40000000-0xfebfffff] available for PCI devices
[    0.000000] Booting paravirtualized kernel on KVM
[    0.000000] clocksource: refined-jiffies: mask: 0xffffffff max_cycles: 0xffffffff, max_idle_ns: 7645519600211568 ns
[    0.000000] random: get_random_bytes called from start_kernel+0x99/0x4fd with crng_init=0
[    0.000000] setup_percpu: NR_CPUS:8192 nr_cpumask_bits:2 nr_cpu_ids:2 nr_node_ids:1
[    0.000000] percpu: Embedded 45 pages/cpu s147456 r8192 d28672 u1048576
[    0.000000] PV qspinlock hash table entries: 256 (order: 0, 4096 bytes)
[    0.000000] Built 1 zonelists, mobility grouping on.  Total pages: 257913
[    0.000000] Policy zone: DMA32
[    0.000000] Kernel command line: BOOT_IMAGE=/boot/vmlinuz-4.15.0-88-generic root=LABEL=cloudimg-rootfs ro console=tty1 console=ttyS0
[    0.000000] Memory: 983068K/1048120K available (12300K kernel code, 2481K rwdata, 4264K rodata, 2428K init, 2712K bss, 65052K reserved, 0K cma-reserved)
[    0.000000] SLUB: HWalign=64, Order=0-3, MinObjects=0, CPUs=2, Nodes=1
[    0.000000] Kernel/User page tables isolation: enabled
[    0.000000] ftrace: allocating 39344 entries in 154 pages
[    0.004000] Hierarchical RCU implementation.
[    0.004000] 	RCU restricting CPUs from NR_CPUS=8192 to nr_cpu_ids=2.
[    0.004000] 	Tasks RCU enabled.
[    0.004000] RCU: Adjusting geometry for rcu_fanout_leaf=16, nr_cpu_ids=2
[    0.004000] NR_IRQS: 524544, nr_irqs: 440, preallocated irqs: 16
[    0.004000] Console: colour VGA+ 80x25
[    0.004000] console [tty1] enabled
[    0.004000] console [ttyS0] enabled
[    0.004000] ACPI: Core revision 20170831
[    0.004000] ACPI: 2 ACPI AML tables successfully acquired and loaded
[    0.004000] APIC: Switch to symmetric I/O mode setup
[    0.004000] x2apic enabled
[    0.004000] Switched APIC routing to physical x2apic.
[    0.004000] ..TIMER: vector=0x30 apic1=0 pin1=2 apic2=-1 pin2=-1
[    0.004005] tsc: Detected 3192.724 MHz processor
[    0.005129] Calibrating delay loop (skipped) preset value.. 6385.44 BogoMIPS (lpj=12770896)
[    0.008020] pid_max: default: 32768 minimum: 301
[    0.009155] Security Framework initialized
[    0.010188] Yama: becoming mindful.
[    0.012028] AppArmor: AppArmor initialized
[    0.014332] Dentry cache hash table entries: 131072 (order: 8, 1048576 bytes)
[    0.016079] Inode-cache hash table entries: 65536 (order: 7, 524288 bytes)
[    0.017708] Mount-cache hash table entries: 2048 (order: 2, 16384 bytes)
[    0.019291] Mountpoint-cache hash table entries: 2048 (order: 2, 16384 bytes)
[    0.020288] Last level iTLB entries: 4KB 512, 2MB 8, 4MB 8
[    0.021586] Last level dTLB entries: 4KB 512, 2MB 32, 4MB 32, 1GB 0
[    0.024003] Spectre V1 : Mitigation: usercopy/swapgs barriers and __user pointer sanitization
[    0.026027] Spectre V2 : Mitigation: Full generic retpoline
[    0.028003] Spectre V2 : Spectre v2 / SpectreRSB mitigation: Filling RSB on context switch
[    0.030062] Speculative Store Bypass: Vulnerable
[    0.031220] MDS: Mitigation: Clear CPU buffers
[    0.032156] Freeing SMP alternatives memory: 36K
[    0.144091] smpboot: CPU0: Intel(R) Core(TM) i5-3470 CPU @ 3.20GHz (family: 0x6, model: 0x3a, stepping: 0x9)
[    0.146530] Performance Events: unsupported p6 CPU model 58 no PMU driver, software events only.
[    0.148048] Hierarchical SRCU implementation.
[    0.149692] NMI watchdog: Perf event create on CPU 0 failed with -2
[    0.151360] NMI watchdog: Perf NMI watchdog permanently disabled
[    0.152055] smp: Bringing up secondary CPUs ...
[    0.153269] x86: Booting SMP configuration:
[    0.154285] .... node  #0, CPUs:      #1
[    0.004000] kvm-clock: cpu 1, msr 0:3ff44041, secondary cpu clock
[    0.160023] smp: Brought up 1 node, 2 CPUs
[    0.161027] smpboot: Max logical packages: 1
[    0.162056] smpboot: Total of 2 processors activated (12770.89 BogoMIPS)
[    0.164063] devtmpfs: initialized
[    0.164932] x86/mm: Memory block size: 128MB
[    0.166221] evm: security.selinux
[    0.167051] evm: security.SMACK64
[    0.168004] evm: security.SMACK64EXEC
[    0.168957] evm: security.SMACK64TRANSMUTE
[    0.169956] evm: security.SMACK64MMAP
[    0.170924] evm: security.apparmor
[    0.171786] evm: security.ima
[    0.172004] evm: security.capability
[    0.172939] clocksource: jiffies: mask: 0xffffffff max_cycles: 0xffffffff, max_idle_ns: 7645041785100000 ns
[    0.176015] futex hash table entries: 512 (order: 3, 32768 bytes)
[    0.178730] pinctrl core: initialized pinctrl subsystem
[    0.180309] RTC time: 13:42:27, date: 03/16/20
[    0.181734] NET: Registered protocol family 16
[    0.182945] audit: initializing netlink subsys (disabled)
[    0.184048] audit: type=2000 audit(1584366153.326:1): state=initialized audit_enabled=0 res=1
[    0.186110] cpuidle: using governor ladder
[    0.186110] cpuidle: using governor menu
[    0.188056] ACPI: bus type PCI registered
[    0.189025] acpiphp: ACPI Hot Plug PCI Controller Driver version: 0.5
[    0.190696] PCI: Using configuration type 1 for base access
[    0.192951] HugeTLB registered 2.00 MiB page size, pre-allocated 0 pages
[    0.196092] ACPI: Added _OSI(Module Device)
[    0.197129] ACPI: Added _OSI(Processor Device)
[    0.198184] ACPI: Added _OSI(3.0 _SCP Extensions)
[    0.199372] ACPI: Added _OSI(Processor Aggregator Device)
[    0.200013] ACPI: Added _OSI(Linux-Dell-Video)
[    0.201102] ACPI: Added _OSI(Linux-Lenovo-NV-HDMI-Audio)
[    0.202356] ACPI: Added _OSI(Linux-HPI-Hybrid-Graphics)
[    0.204463] ACPI: Executed 1 blocks of module-level executable AML code
[    0.210098] ACPI: Interpreter enabled
[    0.210996] ACPI: (supports S0 S5)
[    0.212004] ACPI: Using IOAPIC for interrupt routing
[    0.213517] PCI: Using host bridge windows from ACPI; if necessary, use "pci=nocrs" and report a bug
[    0.216328] ACPI: Enabled 2 GPEs in block 00 to 07
[    0.227061] ACPI: PCI Root Bridge [PCI0] (domain 0000 [bus 00-ff])
[    0.228011] acpi PNP0A03:00: _OSC: OS supports [ASPM ClockPM Segments MSI]
[    0.230264] acpi PNP0A03:00: _OSC: not requesting OS control; OS requires [ExtendedConfig ASPM ClockPM MSI]
[    0.232021] acpi PNP0A03:00: fail to add MMCONFIG information, can't access extended PCI configuration space under this bridge.
[    0.236536] PCI host bridge to bus 0000:00
[    0.238001] pci_bus 0000:00: root bus resource [io  0x0000-0x0cf7 window]
[    0.239707] pci_bus 0000:00: root bus resource [io  0x0d00-0xffff window]
[    0.240011] pci_bus 0000:00: root bus resource [mem 0x000a0000-0x000bffff window]
[    0.241811] pci_bus 0000:00: root bus resource [mem 0x40000000-0xfdffffff window]
[    0.244007] pci_bus 0000:00: root bus resource [bus 00-ff]
[    0.250203] pci 0000:00:01.1: legacy IDE quirk: reg 0x10: [io  0x01f0-0x01f7]
[    0.252008] pci 0000:00:01.1: legacy IDE quirk: reg 0x14: [io  0x03f6]
[    0.253544] pci 0000:00:01.1: legacy IDE quirk: reg 0x18: [io  0x0170-0x0177]
[    0.255127] pci 0000:00:01.1: legacy IDE quirk: reg 0x1c: [io  0x0376]
[    0.272367] pci 0000:00:07.0: quirk: [io  0x4000-0x403f] claimed by PIIX4 ACPI
[    0.274320] pci 0000:00:07.0: quirk: [io  0x4100-0x410f] claimed by PIIX4 SMB
[    0.282437] ACPI: PCI Interrupt Link [LNKA] (IRQs 5 9 10 *11)
[    0.284426] ACPI: PCI Interrupt Link [LNKB] (IRQs 5 9 *10 11)
[    0.288221] ACPI: PCI Interrupt Link [LNKC] (IRQs 5 *9 10 11)
[    0.292206] ACPI: PCI Interrupt Link [LNKD] (IRQs 5 9 10 *11)
[    0.294359] SCSI subsystem initialized
[    0.296058] pci 0000:00:02.0: vgaarb: setting as boot VGA device
[    0.297740] pci 0000:00:02.0: vgaarb: VGA device added: decodes=io+mem,owns=io+mem,locks=none
[    0.299763] pci 0000:00:02.0: vgaarb: bridge control possible
[    0.300006] vgaarb: loaded
[    0.300733] ACPI: bus type USB registered
[    0.304054] usbcore: registered new interface driver usbfs
[    0.307303] usbcore: registered new interface driver hub
[    0.308045] usbcore: registered new device driver usb
[    0.310076] EDAC MC: Ver: 3.0.0
[    0.312379] PCI: Using ACPI for IRQ routing
[    0.313714] NetLabel: Initializing
[    0.314686] NetLabel:  domain hash size = 128
[    0.316004] NetLabel:  protocols = UNLABELED CIPSOv4 CALIPSO
[    0.318094] NetLabel:  unlabeled traffic allowed by default
[    0.320090] clocksource: Switched to clocksource kvm-clock
[    0.334483] VFS: Disk quotas dquot_6.6.0
[    0.335542] VFS: Dquot-cache hash table entries: 512 (order 0, 4096 bytes)
[    0.337523] AppArmor: AppArmor Filesystem Enabled
[    0.338706] pnp: PnP ACPI init
[    0.340928] pnp: PnP ACPI: found 3 devices
[    0.352360] clocksource: acpi_pm: mask: 0xffffff max_cycles: 0xffffff, max_idle_ns: 2085701024 ns
[    0.354652] NET: Registered protocol family 2
[    0.355933] TCP established hash table entries: 8192 (order: 4, 65536 bytes)
[    0.357620] TCP bind hash table entries: 8192 (order: 5, 131072 bytes)
[    0.360384] TCP: Hash tables configured (established 8192 bind 8192)
[    0.362602] UDP hash table entries: 512 (order: 2, 16384 bytes)
[    0.364533] UDP-Lite hash table entries: 512 (order: 2, 16384 bytes)
[    0.366705] NET: Registered protocol family 1
[    0.368286] pci 0000:00:00.0: Limiting direct PCI/PCI transfers
[    0.370442] pci 0000:00:01.0: Activating ISA DMA hang workarounds
[    0.372552] pci 0000:00:02.0: Video device with shadowed ROM at [mem 0x000c0000-0x000dffff]
[    0.375204] Unpacking initramfs...
[    0.691391] Freeing initrd memory: 19204K
[    0.692634] clocksource: tsc: mask: 0xffffffffffffffff max_cycles: 0x2e057091da2, max_idle_ns: 440795215712 ns
[    0.694984] platform rtc_cmos: registered platform RTC device (no PNP device found)
[    0.697005] Scanning for low memory corruption every 60 seconds
[    0.699236] Initialise system trusted keyrings
[    0.700416] Key type blacklist registered
[    0.701436] workingset: timestamp_bits=36 max_order=18 bucket_order=0
[    0.703777] zbud: loaded
[    0.705324] squashfs: version 4.0 (2009/01/31) Phillip Lougher
[    0.707348] fuse init (API version 7.26)
[    0.711157] Key type asymmetric registered
[    0.712262] Asymmetric key parser 'x509' registered
[    0.714189] Block layer SCSI generic (bsg) driver version 0.4 loaded (major 246)
[    0.719264] io scheduler noop registered
[    0.720784] io scheduler deadline registered
[    0.721875] io scheduler cfq registered (default)
[    0.723412] ACPI: AC Adapter [AC] (on-line)
[    0.725256] input: Power Button as /devices/LNXSYSTM:00/LNXPWRBN:00/input/input0
[    0.727373] ACPI: Power Button [PWRF]
[    0.728957] input: Sleep Button as /devices/LNXSYSTM:00/LNXSLPBN:00/input/input1
[    0.730897] ACPI: Sleep Button [SLPF]
[    0.732351] Serial: 8250/16550 driver, 32 ports, IRQ sharing enabled
[    0.755397] 00:02: ttyS0 at I/O 0x3f8 (irq = 4, base_baud = 115200) is a 16550A
[    0.760533] Linux agpgart interface v0.103
[    0.763814] loop: module loaded
[    0.765319] scsi host0: ata_piix
[    0.766242] scsi host1: ata_piix
[    0.767063] ata1: PATA max UDMA/33 cmd 0x1f0 ctl 0x3f6 bmdma 0xd000 irq 14
[    0.768689] ata2: PATA max UDMA/33 cmd 0x170 ctl 0x376 bmdma 0xd008 irq 15
[    0.771576] libphy: Fixed MDIO Bus: probed
[    0.772833] tun: Universal TUN/TAP device driver, 1.6
[    0.774384] PPP generic driver version 2.4.2
[    0.777230] ehci_hcd: USB 2.0 'Enhanced' Host Controller (EHCI) Driver
[    0.778862] ehci-pci: EHCI PCI platform driver
[    0.780119] ehci-platform: EHCI generic platform driver
[    0.781965] ohci_hcd: USB 1.1 'Open' Host Controller (OHCI) Driver
[    0.784081] ohci-pci: OHCI PCI platform driver
[    0.785782] ohci-platform: OHCI generic platform driver
[    0.787143] uhci_hcd: USB Universal Host Controller Interface driver
[    0.788933] i8042: PNP: PS/2 Controller [PNP0303:PS2K,PNP0f03:PS2M] at 0x60,0x64 irq 1,12
[    0.791469] serio: i8042 KBD port at 0x60,0x64 irq 1
[    0.792749] serio: i8042 AUX port at 0x60,0x64 irq 12
[    0.794114] mousedev: PS/2 mouse device common for all mice
[    0.796522] input: AT Translated Set 2 keyboard as /devices/platform/i8042/serio0/input/input2
[    0.798929] rtc_cmos rtc_cmos: rtc core: registered rtc_cmos as rtc0
[    0.800734] rtc_cmos rtc_cmos: alarms up to one day, 114 bytes nvram
[    0.802269] i2c /dev entries driver
[    0.803223] device-mapper: uevent: version 1.0.3
[    0.804717] device-mapper: ioctl: 4.37.0-ioctl (2017-09-20) initialised: dm-devel@redhat.com
[    0.806907] ledtrig-cpu: registered to indicate activity on CPUs
[    0.808762] NET: Registered protocol family 10
[    0.814286] Segment Routing with IPv6
[    0.815249] NET: Registered protocol family 17
[    0.816505] Key type dns_resolver registered
[    0.817747] mce: Using 0 MCE banks
[    0.818618] RAS: Correctable Errors collector initialized.
[    0.820146] sched_clock: Marking stable (817719406, 0)->(1038819399, -221099993)
[    0.822805] registered taskstats version 1
[    0.823929] Loading compiled-in X.509 certificates
[    0.827915] Loaded X.509 cert 'Build time autogenerated kernel key: f0020782f0d3a548186fb3f47aed88387a71e859'
[    0.830652] zswap: loaded using pool lzo/zbud
[    0.835803] Key type big_key registered
[    0.836946] Key type trusted registered
[    0.840340] Key type encrypted registered
[    0.841361] AppArmor: AppArmor sha1 policy hashing enabled
[    0.842713] ima: No TPM chip found, activating TPM-bypass! (rc=-19)
[    0.844127] ima: Allocated hash algorithm: sha1
[    0.845550] evm: HMAC attrs: 0x1
[    0.846693]   Magic number: 12:246:736
[    0.847723] rtc_cmos rtc_cmos: setting system clock to 2020-03-16 13:42:28 UTC (1584366148)
[    0.849802] BIOS EDD facility v0.16 2004-Jun-25, 0 devices found
[    0.851164] EDD information not available.
[    0.988464] Freeing unused kernel image memory: 2428K
[    1.172983] Write protecting the kernel read-only data: 20480k
[    1.174975] Freeing unused kernel image memory: 2008K
[    1.176557] Freeing unused kernel image memory: 1880K
[    1.184358] x86/mm: Checked W+X mappings: passed, no W+X pages found.
[    1.185931] x86/mm: Checking user space page tables
[    1.193612] x86/mm: Checked W+X mappings: passed, no W+X pages found.
Loading, please wait...
starting version 237
[    1.270659] e1000: Intel(R) PRO/1000 Network Driver - version 7.3.21-k8-NAPI
[    1.273887] e1000: Copyright (c) 1999-2006 Intel Corporation.
[    1.287895] Fusion MPT base driver 3.04.20
[    1.289086] Copyright (c) 1999-2008 LSI Corporation
[    1.299780] AVX version of gcm_enc/dec engaged.
[    1.301489] AES CTR mode by8 optimization enabled
[    1.306647] Fusion MPT SPI Host driver 3.04.20
[    1.503813] input: ImExPS/2 Generic Explorer Mouse as /devices/platform/i8042/serio1/input/input4
[    1.703622] e1000 0000:00:03.0 eth0: (PCI:33MHz:32-bit) 02:63:41:f1:0e:ed
[    1.705321] e1000 0000:00:03.0 eth0: Intel(R) PRO/1000 Network Connection
[    1.709106] e1000 0000:00:03.0 enp0s3: renamed from eth0
[    1.710567] mptbase: ioc0: Initiating bringup
[    2.656824] ioc0: LSI53C1030 A0: Capabilities={Initiator}
[    5.366754] scsi host2: ioc0: LSI53C1030 A0, FwRev=00000000h, Ports=1, MaxQ=256, IRQ=20
[    6.658305] scsi 2:0:0:0: Direct-Access     VBOX     HARDDISK         1.0  PQ: 0 ANSI: 5
[    6.696325] scsi target2:0:0: Beginning Domain Validation
[    6.699456] scsi target2:0:0: Domain Validation skipping write tests
[    6.701141] scsi target2:0:0: Ending Domain Validation
[    6.702438] scsi target2:0:0: asynchronous
[    6.704174] scsi 2:0:1:0: Direct-Access     VBOX     HARDDISK         1.0  PQ: 0 ANSI: 5
[    6.736322] scsi target2:0:1: Beginning Domain Validation
[    6.739202] random: fast init done
[    6.740550] scsi target2:0:1: Domain Validation skipping write tests
[    6.742080] scsi target2:0:1: Ending Domain Validation
[    6.743349] scsi target2:0:1: asynchronous
[    6.748772] random: systemd-udevd: uninitialized urandom read (16 bytes read)
[    6.750552] random: systemd-udevd: uninitialized urandom read (16 bytes read)
[    6.752142] random: systemd-udevd: uninitialized urandom read (16 bytes read)
[    6.754145] sd 2:0:0:0: Attached scsi generic sg0 type 0
[    6.754421] sd 2:0:0:0: [sda] 20971520 512-byte logical blocks: (10.7 GB/10.0 GiB)
[    6.755904] sd 2:0:1:0: Attached scsi generic sg1 type 0
[    6.757397] sd 2:0:0:0: [sda] Write Protect is off
[    6.760221] sd 2:0:0:0: [sda] Incomplete mode parameter data
[    6.760251] sd 2:0:1:0: [sdb] 20480 512-byte logical blocks: (10.5 MB/10.0 MiB)
[    6.761543] sd 2:0:0:0: [sda] Assuming drive cache: write through
[    6.764761] sd 2:0:1:0: [sdb] Write Protect is off
[    6.766416] sd 2:0:1:0: [sdb] Incomplete mode parameter data
[    6.767854] sd 2:0:1:0: [sdb] Assuming drive cache: write through
[    6.769548]  sda: sda1
[    6.771028] sd 2:0:0:0: [sda] Attached SCSI disk
[    6.773424] sd 2:0:1:0: [sdb] Attached SCSI disk
Begin: Loading essential drivers ... [    8.256201] raid6: sse2x1   gen()  8802 MB/s
[    8.304182] raid6: sse2x1   xor()  7340 MB/s
[    8.352201] raid6: sse2x2   gen() 12228 MB/s
[    8.400285] raid6: sse2x2   xor()  8122 MB/s
[    8.448155] raid6: sse2x4   gen() 14468 MB/s
[    8.496229] raid6: sse2x4   xor()  9707 MB/s
[    8.497303] raid6: using algorithm sse2x4 gen() 14468 MB/s
[    8.498698] raid6: .... xor() 9707 MB/s, rmw enabled
[    8.499976] raid6: using ssse3x2 recovery algorithm
[    8.502805] xor: automatically using best checksumming function   avx       
[    8.506221] async_tx: api initialized (async)
done.
Begin: Running /scripts/init-premount ... done.
Begin: Mounting root file system ... Begin: Running /scripts/local-top ... done.
Begin: Running /scripts/local-premount ... [    8.553186] Btrfs loaded, crc32c=crc32c-intel
Scanning for Btrfs filesystems
done.
Warning: fsck not present, so skipping root file system
[    8.588226] EXT4-fs (sda1): mounted filesystem with ordered data mode. Opts: (null)
done.
Begin: Running /scripts/local-bottom ... done.
Begin: Running /scripts/init-bottom ... done.
[    8.767590] ip_tables: (C) 2000-2006 Netfilter Core Team
[    8.782090] systemd[1]: systemd 237 running in system mode. (+PAM +AUDIT +SELINUX +IMA +APPARMOR +SMACK +SYSVINIT +UTMP +LIBCRYPTSETUP +GCRYPT +GNUTLS +ACL +XZ +LZ4 +SECCOMP +BLKID +ELFUTILS +KMOD -IDN2 +IDN -PCRE2 default-hierarchy=hybrid)
[    8.788202] systemd[1]: Detected virtualization oracle.
[    8.789701] systemd[1]: Detected architecture x86-64.

Welcome to [1mUbuntu 18.04.4 LTS[0m!

[    8.798130] systemd[1]: Set hostname to <ubuntu>.
[    8.806814] systemd[1]: Initializing machine ID from random generator.
[    8.808424] systemd[1]: Installed transient /etc/machine-id file.
[    9.074412] systemd[1]: Reached target User and Group Name Lookups.
[[0;32m  OK  [0m] Reached target User and Group Name Lookups.
[    9.077359] systemd[1]: Started Forward Password Requests to Wall Directory Watch.
[[0;32m  OK  [0m] Started Forward Password Requests to Wall Directory Watch.
[    9.092739] systemd[1]: Set up automount Arbitrary Executable File Formats File System Automount Point.
[[0;32m  OK  [0m] Set up automount Arbitrary Executab…rmats File System Automount Point.
[    9.098969] systemd[1]: Created slice User and Session Slice.
[[0;32m  OK  [0m] Created slice User and Session Slice.
[[0;32m  OK  [0m] Reached target Swap.
[[0;32m  OK  [0m] Created slice System Slice.
[[0;32m  OK  [0m] Listening on Syslog Socket.
[[0;32m  OK  [0m] Listening on Journal Socket (/dev/log).
[[0;32m  OK  [0m] Listening on Journal Socket.
         Starting Create list of required st…ce nodes for the current kernel...
         Starting Load Kernel Modules...
         Starting Uncomplicated firewall...
[    9.152847] Loading iSCSI transport class v2.0-870.
[[0;32m  OK  [0m] Listening on LVM2 poll daemon socket.
[[0;32m  OK  [0m] Created slice system-serial\x2dgetty.slice.
[    9.159918] iscsi: registered transport (tcp)
[[0;32m  OK  [0m] Listening on Journal Audit Socket.
         Mounting Huge Pages File System...
         Mounting Kernel Debug File System...
[[0;32m  OK  [0m] Listening on udev Kernel Socket.
[[0;32m  OK  [0m] Listening on udev Control Socket.
         Starting udev Coldplug all Devices...
[[0;32m  OK  [0m] Reached target Slices.
[    9.182328] iscsi: registered transport (iser)
[[0;32m  OK  [0m] Listening on LVM2 metadata daemon socket.
         Starting Journal Service...
         Starting Remount Root and Kernel File Systems...
[[0;32m  OK  [0m] Listening on /dev/initctl Compatibility Named Pipe.
         Starting Set the console keyboard layout...
[[0;32m  OK  [0m] Listening on Device-mapper event daemon FIFOs.
         Starting Monitoring of LVM2 mirrors…ng dmeventd or progress polling...
[    9.247150] EXT4-fs (sda1): re-mounted. Opts: (null)
[[0;32m  OK  [0m] Listening on Network Service Netlink Socket.
         Mounting POSIX Message Queue File System...
[[0;32m  OK  [0m] Reached target System Time Synchronized.
[[0;32m  OK  [0m] Started Journal Service.
[[0;32m  OK  [0m] Started Create list of required sta…vice nodes for the current kernel.
[[0;32m  OK  [0m] Started Load Kernel Modules.
[[0;32m  OK  [0m] Started Uncomplicated firewall.
[[0;32m  OK  [0m] Mounted Huge Pages File System.
[[0;32m  OK  [0m] Mounted Kernel Debug File System.
[[0;32m  OK  [0m] Started Remount Root and Kernel File Systems.
[[0;32m  OK  [0m] Mounted POSIX Message Queue File System.
         Starting Load/Save Random Seed...
         Mounting FUSE Control File System...
         Mounting Kernel Configuration File System...
         Starting Apply Kernel Variables...
         Starting Create Static Device Nodes in /dev...
         Starting Flush Journal to Persistent Storage...
[[0;32m  OK  [0m] Started udev Coldplug all Devices.
[[0;32m  OK  [0m] Started Load/Save Random Seed.
[[0;32m  OK  [0m] Mounted FUSE Control File System.
[[0;32m  OK  [0m] Mounted Kernel Configuration File System.
[[0;32m  OK  [0m] Started LVM2 metadata daemon.
[[0;32m  OK  [0m] Started Create Static Device Nodes in /dev.
         Starting udev Kernel Device Manager...
[[0;32m  OK  [0m] Started Apply Kernel Variables.
[[0;32m  OK  [0m] Started Monitoring of LVM2 mirrors,…sing dmeventd or progress polling.
[[0;32m  OK  [0m] Started Flush Journal to Persistent Storage.
[[0;32m  OK  [0m] Started udev Kernel Device Manager.
[[0;32m  OK  [0m] Started Set the console keyboard layout.
[[0;32m  OK  [0m] Started Dispatch Password Requests to Console Directory Watch.
[[0;32m  OK  [0m] Reached target Local Encrypted Volumes.
[[0;32m  OK  [0m] Reached target Local File Systems (Pre).
[[0;32m  OK  [0m] Reached target Local File Systems.
         Starting ebtables ruleset management...
         Starting AppArmor initialization...
         Starting Set console font and keymap...
         Starting Create Volatile Files and Directories...
         Starting Commit a transient machine-id on disk...
         Starting Tell Plymouth To Write Out Runtime Data...
[[0;32m  OK  [0m] Started Set console font and keymap.
[[0;32m  OK  [0m] Started Create Volatile Files and Directories.
         Starting Update UTMP about System Boot/Shutdown...
[[0;32m  OK  [0m] Started Tell Plymouth To Write Out Runtime Data.
[[0;32m  OK  [0m] Started Update UTMP about System Boot/Shutdown.
[[0;32m  OK  [0m] Started Commit a transient machine-id on disk.
[[0;32m  OK  [0m] Started ebtables ruleset management.
[[0;32m  OK  [0m] Found device /dev/ttyS0.
[[0;32m  OK  [0m] Listening on Load/Save RF Kill Switch Status /dev/rfkill Watch.
[[0;32m  OK  [0m] Started AppArmor initialization.
         Starting Initial cloud-init job (pre-networking)...
[   11.616063] cloud-init[550]: Cloud-init v. 19.4-33-gbb4131a2-0ubuntu1~18.04.1 running 'init-local' at Mon, 16 Mar 2020 13:42:38 +0000. Up 11.26 seconds.
[[0;32m  OK  [0m] Started Initial cloud-init job (pre-networking).
[[0;32m  OK  [0m] Reached target Network (Pre).
         Starting Network Service...
[[0;32m  OK  [0m] Started Network Service.
         Starting Network Name Resolution...
         Starting Wait for Network to be Configured...
[[0;32m  OK  [0m] Started Network Name Resolution.
[[0;32m  OK  [0m] Reached target Host and Network Name Lookups.
[[0;32m  OK  [0m] Reached target Network.
[[0;32m  OK  [0m] Started Wait for Network to be Configured.
         Starting Initial cloud-init job (metadata service crawler)...
[   13.780095] cloud-init[660]: Cloud-init v. 19.4-33-gbb4131a2-0ubuntu1~18.04.1 running 'init' at Mon, 16 Mar 2020 13:42:41 +0000. Up 13.59 seconds.
[   13.782786] cloud-init[660]: ci-info: +++++++++++++++++++++++++++++++++++++Net device info++++++++++++++++++++++++++++++++++++++
[   13.785232] cloud-init[660]: ci-info: +--------+------+---------------------------+---------------+--------+-------------------+
[   13.787638] cloud-init[660]: ci-info: | Device |  Up  |          Address          |      Mask     | Scope  |     Hw-Address    |
[   13.789637] cloud-init[660]: ci-info: +--------+------+---------------------------+---------------+--------+-------------------+
[   13.792034] cloud-init[660]: ci-info: | enp0s3 | True |         10.0.2.15         | 255.255.255.0 | global | 02:63:41:f1:0e:ed |
[   13.794259] cloud-init[660]: ci-info: | enp0s3 | True | fe80::63:41ff:fef1:eed/64 |       .       |  link  | 02:63:41:f1:0e:ed |
[   13.796786] cloud-init[660]: ci-info: |   lo   | True |         127.0.0.1         |   255.0.0.0   |  host  |         .         |
[   13.799217] cloud-init[660]: ci-info: |   lo   | True |          ::1/128          |       .       |  host  |         .         |
[   13.812204] cloud-init[660]: ci-info: +--------+------+---------------------------+---------------+--------+-------------------+
[   13.814243] cloud-init[660]: ci-info: ++++++++++++++++++++++++++++Route IPv4 info+++++++++++++++++++++++++++++
[   13.816065] cloud-init[660]: ci-info: +-------+-------------+----------+-----------------+-----------+-------+
[   13.817900] cloud-init[660]: ci-info: | Route | Destination | Gateway  |     Genmask     | Interface | Flags |
[   13.819906] cloud-init[660]: ci-info: +-------+-------------+----------+-----------------+-----------+-------+
[   13.832337] cloud-init[660]: ci-info: |   0   |   0.0.0.0   | 10.0.2.2 |     0.0.0.0     |   enp0s3  |   UG  |
[   13.834157] cloud-init[660]: ci-info: |   1   |   10.0.2.0  | 0.0.0.0  |  255.255.255.0  |   enp0s3  |   U   |
[   13.835889] cloud-init[660]: ci-info: |   2   |   10.0.2.2  | 0.0.0.0  | 255.255.255.255 |   enp0s3  |   UH  |
[   13.837766] cloud-init[660]: ci-info: +-------+-------------+----------+-----------------+-----------+-------+
[   13.839595] cloud-init[660]: ci-info: +++++++++++++++++++Route IPv6 info+++++++++++++++++++
[   13.841193] cloud-init[660]: ci-info: +-------+-------------+---------+-----------+-------+
[   13.842536] cloud-init[660]: ci-info: | Route | Destination | Gateway | Interface | Flags |
[   13.844344] cloud-init[660]: ci-info: +-------+-------------+---------+-----------+-------+
[   13.845903] cloud-init[660]: ci-info: |   1   |  fe80::/64  |    ::   |   enp0s3  |   U   |
[   13.847574] cloud-init[660]: ci-info: |   3   |    local    |    ::   |   enp0s3  |   U   |
[   13.849333] cloud-init[660]: ci-info: |   4   |   ff00::/8  |    ::   |   enp0s3  |   U   |
[   13.851022] cloud-init[660]: ci-info: +-------+-------------+---------+-----------+-------+
[   15.070156] cloud-init[660]: Generating public/private rsa key pair.
[   15.080365] cloud-init[660]: Your identification has been saved in /etc/ssh/ssh_host_rsa_key.
[   15.082032] cloud-init[660]: Your public key has been saved in /etc/ssh/ssh_host_rsa_key.pub.
[   15.083718] cloud-init[660]: The key fingerprint is:
[   15.084994] cloud-init[660]: SHA256:a6Rl8/1EUj99asm4C7Eh8dvmcvChWbGEpj3MXun6NWI root@ubuntu-bionic
[   15.087416] cloud-init[660]: The key's randomart image is:
[   15.089024] cloud-init[660]: +---[RSA 2048]----+
[   15.090939] cloud-init[660]: |                 |
[   15.092108] cloud-init[660]: |                 |
[   15.093378] cloud-init[660]: |        .  .  .  |
[   15.094602] cloud-init[660]: |         oo o. ..|
[   15.095792] cloud-init[660]: |        S*+..+..+|
[   15.096998] cloud-init[660]: |       =.=*B*= oo|
[   15.098520] cloud-init[660]: |      . o.=XE.O  |
[   15.108764] cloud-init[660]: |       .  ==+B . |
[   15.109692] cloud-init[660]: |          .==..  |
[   15.110430] cloud-init[660]: +----[SHA256]-----+
[   15.111475] cloud-init[660]: Generating public/private dsa key pair.
[   15.113227] cloud-init[660]: Your identification has been saved in /etc/ssh/ssh_host_dsa_key.
[   15.114154] cloud-init[660]: Your public key has been saved in /etc/ssh/ssh_host_dsa_key.pub.
[   15.115943] cloud-init[660]: The key fingerprint is:
[[0;32m  OK  [0m] Started Initial cloud-init job (metadata service crawler).
[   15.135689] cloud-init[660]: SHA256:8TfjeTTbi7Dj5bFWS2OYhMnNgtefgz6kRYulIPpiOKQ root@ubuntu-bionic
[[0;32m  OK  [0m] Reached target Network is Online.
[   15.137591] cloud-init[660]: The key's randomart image is:
[   15.149332] cloud-init[660]: +---[DSA 1024]----+
[   15.150618] cloud-init[660]: [[0;32m  OK  [0m] Reached target Remote File Systems (Pre).
[|                 |[0;32m  OK  [0m
] Reached target Remote File Systems.
[   15.152489] cloud-init[660]: |                 |         
Starting Availability of block devices...
[   15.155090] [[0;32m  OK  [0m] Reached target System Initialization.
[[0;32m  OK  [0m] Listening on ACPID Listen Socket.
[[0;32m  OK  [0m] Listening on UUID daemon activation socket.
[[0;32m  OK  [0m] Started Daily Cleanup of Temporary Directories.
[[0;32m  OK  [0m] Started Daily apt download activities.
cloud-init[660]: |        . o *    |
[[0;32m  OK  [0m] Listening on D-Bus System Message Bus Socket.
[   15.165760] cloud-init[660]: |       . = * B   |
[   15.167302] cloud-init[660]: |      . S + @ O .|
[   15.176241] cloud-init[660]: |   . .     = % % |
[   15.177060] cloud-init[660]: |  o . .    .Bo* =|
[   15.178000] cloud-init[660]: | E o o .   o==+..|
[   15.179002] cloud-init[660]: |    o .   .oo+.. |
[   15.179860] cloud-init[660]: +----[SHA256]-----+
[   15.180590] cloud-init[660]: Generating public/private ecdsa key pair.
[   15.182022] cloud-init[660]: Your identification has been saved in /etc/ssh/ssh_host_ecdsa_key.
[   15.183665] cloud-init[660]: Your public key has been saved in /etc/ssh/ssh_host_ecdsa_key.pub.
         [   15.193492] cloud-init[660]: The key fingerprint is:
[   15.193631] cloud-init[660]: SHA256:ujJp69gXL11aiZfilVzTP4Pvx0tu+pRdlLK3Ii0GfMU root@ubuntu-bionic
[   15.194662] cloud-init[660]: The key's randomart image is:
[   15.195709] cloud-init[660]: +---[ECDSA 256]---+
Starting LXD - unix socket.
         Starting Socket activation for snappy daemon.
[[0;32m  OK  [0m] Listening on Open-iSCSI iscsid Socket.
[[0;32m  OK  [0m] Started Discard unused blocks once a week.
[[0;32m  OK  [0m] Started Message of the Day.
[   15.195855] cloud-init[660]: |                 |
[[0;32m  OK  [0m] Started ACPI Events Check.
[   15.217124] [[0;32m  OK  [0m] Reached target Paths.
[cloud-init[0;32m  OK  [0m[660]: ] |            .   .|Started Daily apt upgrade and clean activities.

[[0;32m  OK  [0m] Reached target Timers.
[   15.220573] cloud-init[[0;32m  OK  [0m] Reached target Cloud-config availability.
[660]: |             E ..|
[[0;32m  OK  [0m] Started Availability of block devices.
[   15.223360] cloud-init[660]: |        .   + +. |
[[0;32m  OK  [0m] Listening on LXD - unix socket.
[   15.225028] [cloud-init[0;32m  OK  [0m[660]: ] |        S= * o.o.|Listening on Socket activation for snappy daemon.

[[0;32m  OK  [0m] Reached target Sockets.
[   15.238442] cloud-init[[0;32m  OK  [0m] Reached target Basic System.
[660]: |      ..o % ...o*|
[   15.239953] [[0;32m  OK  [0m] Started FUSE filesystem for LXC.
cloud-init[660]: |     ..= B + o.*+|
         Starting Accounts Service...
[   15.247224] cloud-init[660]:          Starting LXD - container startup/shutdown...
[[0;32m  OK  [0m] Started Deferred execution scheduler.
         Starting Permit User Sessions...
|   o= o.= . o =oo|
         Starting Virtualbox guest utils...
[   15.253880] cloud-init[660]: |  .o+=..     .==o|
[   15.265279] cloud-init[660]: +----[SHA256]-----+
         Starting LSB: automatic crash report generation...
[   15.266768] cloud-init[660]: Generating public/private ed25519 key pair.
[   15.280524] cloud-init[660]: Your identification has been saved in /etc/ssh/ssh_host_ed25519_key.
[   15.281889] cloud-init[660]: Your public key has been saved in /etc/ssh/ssh_host_ed25519_key.pub.
[   15.283130] cloud-init[660]: The key fingerprint is:
[   15.283847] cloud-init[660]: SHA256:8ZHf0oMzR9mSgA777SwDEm+N4F4xT2u+ObhyQv6HcgA root@ubuntu-bionic
[   15.285399] cloud-init[660]: The key's randomart image is:
[   15.286464] cloud-init[660]: +--[ED25519 256]--+
[   15.289024] cloud-init[660]: |           ..    |
[   15.291218] cloud-init[660]: |        . .. . + |
[   15.292275] cloud-init[660]: |        .+o   = .|
[   15.293253] cloud-init[660]: |    E o +ooo = . |
[   15.298164] cloud-init[660]: |     o +SO.o* =  |
[   15.299595] cloud-init[660]: |      = * * .= . |
[   15.300948] cloud-init[660]: |     + = * o     |
[   15.302112] cloud-init[660]: |      * = *.o    |
[   15.303613] cloud-init[660]: |       Booo=     |
[   15.305779] cloud-init[660]: +----[SHA256]-----+
[[0;32m  OK  [0m] Started Regular background program processing daemon.
[[0;32m  OK  [0m] Started irqbalance daemon.
         Starting Login Service...
         Starting System Logging Service...
[[0;32m  OK  [0m] Started D-Bus System Message Bus.
         Starting Dispatcher daemon for systemd-networkd...
         Starting LSB: Record successful boot for GRUB...
         Starting Pollinate to seed the pseudo random number generator...
         Starting Snappy daemon...
[[0;32m  OK  [0m] Started System Logging Service.
[[0;32m  OK  [0m] Started LXD - container startup/shutdown.
[[0;32m  OK  [0m] Started Permit User Sessions.
[[0;32m  OK  [0m] Started Login Service.
         Starting Authorization Manager...
[[0;32m  OK  [0m] Started Unattended Upgrades Shutdown.
         Starting Terminate Plymouth Boot Screen...
         Starting Hold until boot process finishes up...
[[0;32m  OK  [0m] Started Hold until boot process finishes up.
[[0;32m  OK  [0m] Started Serial Getty on ttyS0.
         Starting Set console scheme...
[[0;32m  OK  [0m] Started Terminate Plymouth Boot Screen.
[[0;32m  OK  [0m] Started Authorization Manager.
[[0;32m  OK  [0m] Started Accounts Service.
[[0;32m  OK  [0m] Started Set console scheme.
[[0;32m  OK  [0m] Created slice system-getty.slice.
[[0;32m  OK  [0m] Started Getty on tty1.
[[0;32m  OK  [0m] Reached target Login Prompts.
[[0;32m  OK  [0m] Started LSB: automatic crash report generation.
[[0;32m  OK  [0m] Started LSB: Record successful boot for GRUB.
[[0;32m  OK  [0m] Started Virtualbox guest utils.
[[0;32m  OK  [0m] Started Dispatcher daemon for systemd-networkd.
[[0;32m  OK  [0m] Started Snappy daemon.
         Starting Wait until snapd is fully seeded...
[[0;32m  OK  [0m] Started Pollinate to seed the pseudo random number generator.
         Starting OpenBSD Secure Shell server...
[[0;32m  OK  [0m] Started OpenBSD Secure Shell server.
[[0;32m  OK  [0m] Created slice User Slice of vagrant.
         Starting User Manager for UID 1000...
[[0;32m  OK  [0m] Started Session 1 of user vagrant.
[[0;32m  OK  [0m] Started User Manager for UID 1000.

Ubuntu 18.04.4 LTS ubuntu-bionic ttyS0

ubuntu-bionic login: [[0;32m  OK  [0m] Started Wait until snapd is fully seeded.
         Starting Apply the settings specified in cloud-config...
[[0;32m  OK  [0m] Reached target Multi-User System.
[[0;32m  OK  [0m] Reached target Graphical Interface.
         Starting Update UTMP about System Runlevel Changes...
[[0;32m  OK  [0m] Started Update UTMP about System Runlevel Changes.
[   29.053422] cloud-init[1890]: Cloud-init v. 19.4-33-gbb4131a2-0ubuntu1~18.04.1 running 'modules:config' at Mon, 16 Mar 2020 13:42:56 +0000. Up 28.60 seconds.
[[0;32m  OK  [0m] Started Apply the settings specified in cloud-config.
         Starting Execute cloud user/final scripts...
ci-info: no authorized SSH keys fingerprints found for user ubuntu.
<14>Mar 16 13:42:57 ec2: 
<14>Mar 16 13:42:57 ec2: #############################################################
<14>Mar 16 13:42:57 ec2: -----BEGIN SSH HOST KEY FINGERPRINTS-----
<14>Mar 16 13:42:57 ec2: 1024 SHA256:8TfjeTTbi7Dj5bFWS2OYhMnNgtefgz6kRYulIPpiOKQ root@ubuntu-bionic (DSA)
<14>Mar 16 13:42:57 ec2: 256 SHA256:ujJp69gXL11aiZfilVzTP4Pvx0tu+pRdlLK3Ii0GfMU root@ubuntu-bionic (ECDSA)
<14>Mar 16 13:42:57 ec2: 256 SHA256:8ZHf0oMzR9mSgA777SwDEm+N4F4xT2u+ObhyQv6HcgA root@ubuntu-bionic (ED25519)
<14>Mar 16 13:42:57 ec2: 2048 SHA256:a6Rl8/1EUj99asm4C7Eh8dvmcvChWbGEpj3MXun6NWI root@ubuntu-bionic (RSA)
<14>Mar 16 13:42:57 ec2: -----END SSH HOST KEY FINGERPRINTS-----
<14>Mar 16 13:42:57 ec2: #############################################################
-----BEGIN SSH HOST KEY KEYS-----
ecdsa-sha2-nistp256 AAAAE2VjZHNhLXNoYTItbmlzdHAyNTYAAAAIbmlzdHAyNTYAAABBBBL5fjd+wqNHpiSh72zJZ0+0RHUM7dDvj6Y2o/vDvXF8+ewwwt3lq2oBnlDcNOQig8rzJ7vwdDxJzpIfrRioFBE= root@ubuntu-bionic
ssh-ed25519 AAAAC3NzaC1lZDI1NTE5AAAAIMFgUjP/K6R3B7i4WlTKRGBPY9DrhVIYSKkhGEo/rty1 root@ubuntu-bionic
ssh-rsa AAAAB3NzaC1yc2EAAAADAQABAAABAQDUVQDkrPjyT/PdvHAhzKjJ8Z5EOA7i6Tly6ZVl+4wFUXp/gL6mbToGxWfscTsJKuuZBDgUcVUBz5NJQPQB/42PbTGFWZu5qjGqrMeyezQXCFIBrDmUoNDX3TpkiC/F+JadsB4SGDsNQ7Gd5hlMYGz0MSSOnBhnbIa62cPBwxMUgjiQfK3GIkcNJslYE84Wad2Hk7OFwlWWbaBRmgdVlnrUzNFcdFiZztzpM6uNxOWKZfyln9odXgeMgl4iw4G3UNibM48YQiB3ZbLlNaTs7eeDPQaqqa26UkUPJmcjIjHg4tr4nr2y8S58EyPHi1C/iFsyLslDGjuT9/uP86jgvISN root@ubuntu-bionic
-----END SSH HOST KEY KEYS-----
[   30.306000] cloud-init[1932]: Cloud-init v. 19.4-33-gbb4131a2-0ubuntu1~18.04.1 running 'modules:final' at Mon, 16 Mar 2020 13:42:57 +0000. Up 29.60 seconds.
[   30.306150] cloud-init[1932]: ci-info: no authorized SSH keys fingerprints found for user ubuntu.
[   30.306868] cloud-init[1932]: Cloud-init v. 19.4-33-gbb4131a2-0ubuntu1~18.04.1 finished at Mon, 16 Mar 2020 13:42:57 +0000. Datasource DataSourceNoCloud [seed=/dev/sdb][dsmode=net].  Up 30.29 seconds
[[0;32m  OK  [0m] Started Execute cloud user/final scripts.
[[0;32m  OK  [0m] Reached target Cloud-init target.
